\BOOKMARK [0][-]{chapter.1}{Streszczenie}{}% 1
\BOOKMARK [0][-]{chapter.1}{Streszczenie}{}% 2
\BOOKMARK [0][-]{chapter.2}{Wstep}{}% 3
\BOOKMARK [1][-]{section.2.1}{Wprowawdzenie w problem}{chapter.2}% 4
\BOOKMARK [1][-]{section.2.2}{Cel pracy}{chapter.2}% 5
\BOOKMARK [1][-]{section.2.3}{Osadzenie problemu w dziedzienie}{chapter.2}% 6
\BOOKMARK [1][-]{section.2.4}{Charakterystyka rozdzia\233\363w}{chapter.2}% 7
\BOOKMARK [0][-]{chapter.3}{[Analiza tematu]}{}% 8
\BOOKMARK [1][-]{section.3.1}{Sformu\233owanie problemu}{chapter.3}% 9
\BOOKMARK [1][-]{section.3.2}{Podobne rozwiazania}{chapter.3}% 10
\BOOKMARK [0][-]{chapter.4}{Wymagania i narzedzia}{}% 11
\BOOKMARK [1][-]{section.4.1}{Wymagania}{chapter.4}% 12
\BOOKMARK [1][-]{section.4.2}{Narzedzia}{chapter.4}% 13
\BOOKMARK [2][-]{subsection.4.2.1}{Python}{section.4.2}% 14
\BOOKMARK [2][-]{subsection.4.2.2}{iPython}{section.4.2}% 15
\BOOKMARK [2][-]{subsection.4.2.3}{Jupyter Notebook}{section.4.2}% 16
\BOOKMARK [2][-]{subsection.4.2.4}{Visual Studio Code - Srodowisko Pracy}{section.4.2}% 17
\BOOKMARK [2][-]{subsection.4.2.5}{Platforma PyPi}{section.4.2}% 18
\BOOKMARK [2][-]{subsection.4.2.6}{Programy bdist\137wheel oraz sdist}{section.4.2}% 19
\BOOKMARK [2][-]{subsection.4.2.7}{OpenCV - przygotowanie obrazu z kamery}{section.4.2}% 20
\BOOKMARK [2][-]{subsection.4.2.8}{MediaPipe - Elementy charakterystyczne}{section.4.2}% 21
\BOOKMARK [2][-]{subsection.4.2.9}{Generowanie grafiki d\233oni}{section.4.2}% 22
\BOOKMARK [1][-]{section.4.3}{SciKit Learn - uczenie maszynowe}{chapter.4}% 23
\BOOKMARK [0][-]{chapter.5}{Wymagania i narzedzia}{}% 24
\BOOKMARK [1][-]{section.5.1}{Rozpoznawanie d\233oni}{chapter.5}% 25
\BOOKMARK [2][-]{subsection.5.1.1}{OpenCV - przygotowanie obrazu z kamery}{section.5.1}% 26
\BOOKMARK [2][-]{subsection.5.1.2}{MediaPipe - Elementy charakterystyczne}{section.5.1}% 27
\BOOKMARK [2][-]{subsection.5.1.3}{Generowanie grafiki d\233oni}{section.5.1}% 28
\BOOKMARK [1][-]{section.5.2}{SciKit Learn - uczenie maszynowe}{chapter.5}% 29
\BOOKMARK [2][-]{subsection.5.2.1}{Budowa programu}{section.5.2}% 30
\BOOKMARK [2][-]{subsection.5.2.2}{Zebranie danych}{section.5.2}% 31
\BOOKMARK [2][-]{subsection.5.2.3}{Metody klasyfikacji - uczenie maszynowe}{section.5.2}% 32
\BOOKMARK [2][-]{subsection.5.2.4}{Ponowne wykorzystanie modelu}{section.5.2}% 33
\BOOKMARK [1][-]{section.5.3}{Paczka PyPi}{chapter.5}% 34
\BOOKMARK [2][-]{subsection.5.3.1}{Budowa paczki}{section.5.3}% 35
\BOOKMARK [2][-]{subsection.5.3.2}{Struktura Paczki}{section.5.3}% 36
\BOOKMARK [2][-]{subsection.5.3.3}{Pliki Konfiguracyjne}{section.5.3}% 37
\BOOKMARK [2][-]{subsection.5.3.4}{Za\233adowanie paczki do repozytorium}{section.5.3}% 38
\BOOKMARK [0][-]{chapter.6}{[W\233asciwy dla kierunku - np. Specyfikacja zewnetrzna]}{}% 39
\BOOKMARK [0][-]{chapter.7}{[W\233asciwy dla kierunku - np.Specyfikacja wewnetrzna]}{}% 40
\BOOKMARK [0][-]{chapter.8}{Weryfikacja i walidacja}{}% 41
\BOOKMARK [0][-]{chapter.9}{Podsumowanie i wnioski}{}% 42
\BOOKMARK [0][-]{chapter.9}{Bibliografia}{}% 43
\BOOKMARK [0][-]{appendix*.2}{Spis skr\363t\363w i symboli}{}% 44
\BOOKMARK [0][-]{appendix*.3}{Zr\363d\233a}{}% 45
\BOOKMARK [0][-]{appendix*.4}{Zawartosc do\233aczonej p\233yty}{}% 46
